build/app/intermediates/manifest_merge_blame_file/release/manifest-merger-blame-release-report.txt
1<?xml version="1.0" encoding="utf-8"?>
2<manifest xmlns:android="http://schemas.android.com/apk/res/android"
3    package="com.hyfresh.tradeye"
4    android:versionCode="2"
5    android:versionName="1.1" >
6
7    <uses-sdk
8        android:minSdkVersion="19"
8-->src\main\AndroidManifest.xml
9        android:targetSdkVersion="33" />
9-->src\main\AndroidManifest.xml
10    <!-- Required to fetch data from the internet. -->
11    <uses-permission android:name="android.permission.INTERNET" />
11-->src\main\AndroidManifest.xml:38:5-67
11-->src\main\AndroidManifest.xml:38:22-64
12
13    <application
14        android:name="android.app.Application"
14-->src\main\AndroidManifest.xml:4:9-42
15        android:appComponentFactory="androidx.core.app.CoreComponentFactory"
15-->[androidx.core:core:1.8.0] AndroidManifest.xml:24:18-86
16        android:icon="@mipmap/tradeye_72"
16-->src\main\AndroidManifest.xml:5:9-42
17        android:label="Tradeye" >
17-->src\main\AndroidManifest.xml:3:9-32
18        <activity
18-->src\main\AndroidManifest.xml:6:9-27:20
19            android:name="com.example.tradeye.MainActivity"
19-->src\main\AndroidManifest.xml:7:13-41
20            android:configChanges="orientation|keyboardHidden|keyboard|screenSize|smallestScreenSize|locale|layoutDirection|fontScale|screenLayout|density|uiMode"
20-->src\main\AndroidManifest.xml:11:13-163
21            android:exported="true"
21-->src\main\AndroidManifest.xml:8:13-36
22            android:hardwareAccelerated="true"
22-->src\main\AndroidManifest.xml:12:13-47
23            android:launchMode="singleTop"
23-->src\main\AndroidManifest.xml:9:13-43
24            android:theme="@style/LaunchTheme"
24-->src\main\AndroidManifest.xml:10:13-47
25            android:windowSoftInputMode="adjustResize" >
25-->src\main\AndroidManifest.xml:13:13-55
26
27            <!--
28                 Specifies an Android theme to apply to this Activity as soon as
29            
30                 the Android process has started. This theme is visible to the user
31                 while the Flutter UI initializes. After that, this theme continues
32                 to determine the Window background behind the Flutter UI.
33            -->
34            <meta-data
34-->src\main\AndroidManifest.xml:19:13-22:17
35                android:name="io.flutter.embedding.android.NormalTheme"
35-->src\main\AndroidManifest.xml:20:15-70
36                android:resource="@style/NormalTheme" />
36-->src\main\AndroidManifest.xml:21:15-52
37
38            <intent-filter>
38-->src\main\AndroidManifest.xml:23:13-26:29
39                <action android:name="android.intent.action.MAIN" />
39-->src\main\AndroidManifest.xml:24:17-68
39-->src\main\AndroidManifest.xml:24:25-66
40
41                <category android:name="android.intent.category.LAUNCHER" />
41-->src\main\AndroidManifest.xml:25:17-76
41-->src\main\AndroidManifest.xml:25:27-74
42            </intent-filter>
43        </activity>
44        <!--
45             Don't delete the meta-data below.
46             This is used by the Flutter tool to generate GeneratedPluginRegistrant.java
47        -->
48        <meta-data
48-->src\main\AndroidManifest.xml:30:9-32:37
49            android:name="flutterEmbedding"
49-->src\main\AndroidManifest.xml:31:17-48
50            android:value="2" />
50-->src\main\AndroidManifest.xml:32:17-34
51        <!--
52             <meta-data
53            android:name="flutterEmbedding"
54            android:value="1" />
55        -->
56        <activity
56-->[:url_launcher_android] AndroidManifest.xml:10:9-13:74
57            android:name="io.flutter.plugins.urllauncher.WebViewActivity"
57-->[:url_launcher_android] AndroidManifest.xml:11:13-74
58            android:exported="false"
58-->[:url_launcher_android] AndroidManifest.xml:12:13-37
59            android:theme="@android:style/Theme.NoTitleBar.Fullscreen" />
59-->[:url_launcher_android] AndroidManifest.xml:13:13-71
60
61        <provider
61-->[:share] AndroidManifest.xml:10:9-18:20
62            android:name="io.flutter.plugins.share.ShareFileProvider"
62-->[:share] AndroidManifest.xml:11:13-70
63            android:authorities="com.hyfresh.tradeye.flutter.share_provider"
63-->[:share] AndroidManifest.xml:12:13-74
64            android:exported="false"
64-->[:share] AndroidManifest.xml:13:13-37
65            android:grantUriPermissions="true" >
65-->[:share] AndroidManifest.xml:14:13-47
66            <meta-data
66-->[:share] AndroidManifest.xml:15:13-17:68
67                android:name="android.support.FILE_PROVIDER_PATHS"
67-->[:share] AndroidManifest.xml:16:17-67
68                android:resource="@xml/flutter_share_file_paths" />
68-->[:share] AndroidManifest.xml:17:17-65
69        </provider>
70
71        <uses-library
71-->[androidx.window:window:1.0.0-beta04] AndroidManifest.xml:25:9-27:40
72            android:name="androidx.window.extensions"
72-->[androidx.window:window:1.0.0-beta04] AndroidManifest.xml:26:13-54
73            android:required="false" />
73-->[androidx.window:window:1.0.0-beta04] AndroidManifest.xml:27:13-37
74        <uses-library
74-->[androidx.window:window:1.0.0-beta04] AndroidManifest.xml:28:9-30:40
75            android:name="androidx.window.sidecar"
75-->[androidx.window:window:1.0.0-beta04] AndroidManifest.xml:29:13-51
76            android:required="false" />
76-->[androidx.window:window:1.0.0-beta04] AndroidManifest.xml:30:13-37
77
78        <provider
78-->[androidx.emoji2:emoji2:1.2.0] AndroidManifest.xml:24:9-32:20
79            android:name="androidx.startup.InitializationProvider"
79-->[androidx.emoji2:emoji2:1.2.0] AndroidManifest.xml:25:13-67
80            android:authorities="com.hyfresh.tradeye.androidx-startup"
80-->[androidx.emoji2:emoji2:1.2.0] AndroidManifest.xml:26:13-68
81            android:exported="false" >
81-->[androidx.emoji2:emoji2:1.2.0] AndroidManifest.xml:27:13-37
82            <meta-data
82-->[androidx.emoji2:emoji2:1.2.0] AndroidManifest.xml:29:13-31:52
83                android:name="androidx.emoji2.text.EmojiCompatInitializer"
83-->[androidx.emoji2:emoji2:1.2.0] AndroidManifest.xml:30:17-75
84                android:value="androidx.startup" />
84-->[androidx.emoji2:emoji2:1.2.0] AndroidManifest.xml:31:17-49
85            <meta-data
85-->[androidx.lifecycle:lifecycle-process:2.4.1] AndroidManifest.xml:31:13-33:52
86                android:name="androidx.lifecycle.ProcessLifecycleInitializer"
86-->[androidx.lifecycle:lifecycle-process:2.4.1] AndroidManifest.xml:32:17-78
87                android:value="androidx.startup" />
87-->[androidx.lifecycle:lifecycle-process:2.4.1] AndroidManifest.xml:33:17-49
88        </provider>
89    </application>
90
91</manifest>